[05/Jun/2014 04:17:13] "GET /www/about HTTP/1.1" 200 2897
[05/Jun/2014 04:17:14] "GET /static/css/style.css HTTP/1.1" 304 0
[05/Jun/2014 04:18:59] "GET /admin HTTP/1.1" 301 0
[05/Jun/2014 04:18:59] "GET /admin/ HTTP/1.1" 200 1865
[05/Jun/2014 04:19:01] "POST /admin/ HTTP/1.1" 302 0
[05/Jun/2014 04:19:02] "GET /admin/ HTTP/1.1" 200 6352
[05/Jun/2014 04:19:04] "GET /admin/www/post/ HTTP/1.1" 200 4299
[05/Jun/2014 04:19:04] "GET /admin/jsi18n/ HTTP/1.1" 200 2372
[05/Jun/2014 04:19:06] "GET /admin/www/post/add/ HTTP/1.1" 200 4931
[05/Jun/2014 04:19:07] "GET /admin/jsi18n/ HTTP/1.1" 200 2372
[05/Jun/2014 04:19:20] "POST /admin/www/post/add/ HTTP/1.1" 302 0
[05/Jun/2014 04:19:20] "GET /admin/www/post/ HTTP/1.1" 200 6298
[05/Jun/2014 04:19:20] "GET /admin/jsi18n/ HTTP/1.1" 200 2372
[05/Jun/2014 04:19:23] "GET /www HTTP/1.1" 301 0
[05/Jun/2014 04:19:23] "GET /www/ HTTP/1.1" 200 3044
[05/Jun/2014 04:19:23] "GET /static/css/style.css HTTP/1.1" 304 0
[05/Jun/2014 04:21:06] "GET /www/ HTTP/1.1" 200 1736
[05/Jun/2014 04:21:06] "GET /static/css/style.css HTTP/1.1" 304 0
[05/Jun/2014 04:21:08] "GET /www/post HTTP/1.1" 200 2338
[05/Jun/2014 04:21:08] "GET /www/about HTTP/1.1" 200 1668
[05/Jun/2014 04:21:09] "GET /www/ HTTP/1.1" 200 1736
[05/Jun/2014 04:21:29] "GET /www/ HTTP/1.1" 200 1498
[05/Jun/2014 04:21:29] "GET /static/css/style.css HTTP/1.1" 304 0
[05/Jun/2014 04:21:31] "GET /www/post HTTP/1.1" 200 2100
[05/Jun/2014 04:21:31] "GET /www/about HTTP/1.1" 200 1430
[05/Jun/2014 04:21:32] "GET /www/ HTTP/1.1" 200 1498
[05/Jun/2014 04:24:53] "GET /www/post HTTP/1.1" 200 2100
[05/Jun/2014 04:24:53] "GET /static/css/style.css HTTP/1.1" 304 0
[05/Jun/2014 04:24:55] "POST /www/post HTTP/1.1" 200 2410
[05/Jun/2014 04:25:03] "GET /www/about HTTP/1.1" 200 1430
